0 info it worked if it ends with ok
1 verbose cli [ '/home/dilip/apps/node-v4.1.0-linux-x64/bin/node',
1 verbose cli   '/home/dilip/apps/node-v4.1.0-linux-x64/bin/npm',
1 verbose cli   'start' ]
2 info using npm@2.14.3
3 info using node@v4.1.0
4 verbose run-script [ 'prestart', 'start', 'poststart' ]
5 info prestart webserver@1.0.0
6 info start webserver@1.0.0
7 verbose unsafe-perm in lifecycle true
8 info webserver@1.0.0 Failed to exec start script
9 verbose stack Error: webserver@1.0.0 start: `node server.js`
9 verbose stack Exit status 1
9 verbose stack     at EventEmitter.<anonymous> (/home/dilip/apps/node-v4.1.0-linux-x64/lib/node_modules/npm/lib/utils/lifecycle.js:214:16)
9 verbose stack     at emitTwo (events.js:87:13)
9 verbose stack     at EventEmitter.emit (events.js:172:7)
9 verbose stack     at ChildProcess.<anonymous> (/home/dilip/apps/node-v4.1.0-linux-x64/lib/node_modules/npm/lib/utils/spawn.js:24:14)
9 verbose stack     at emitTwo (events.js:87:13)
9 verbose stack     at ChildProcess.emit (events.js:172:7)
9 verbose stack     at maybeClose (internal/child_process.js:817:16)
9 verbose stack     at Process.ChildProcess._handle.onexit (internal/child_process.js:211:5)
10 verbose pkgid webserver@1.0.0
11 verbose cwd /home/dilip/code/products
12 error Linux 3.16.0-38-generic
13 error argv "/home/dilip/apps/node-v4.1.0-linux-x64/bin/node" "/home/dilip/apps/node-v4.1.0-linux-x64/bin/npm" "start"
14 error node v4.1.0
15 error npm  v2.14.3
16 error code ELIFECYCLE
17 error webserver@1.0.0 start: `node server.js`
17 error Exit status 1
18 error Failed at the webserver@1.0.0 start script 'node server.js'.
18 error This is most likely a problem with the webserver package,
18 error not with npm itself.
18 error Tell the author that this fails on your system:
18 error     node server.js
18 error You can get their info via:
18 error     npm owner ls webserver
18 error There is likely additional logging output above.
19 verbose exit [ 1, true ]
